0 info it worked if it ends with ok
1 verbose cli [ 'node', '/usr/local/bin/npm', 'install' ]
2 info using npm@2.1.12
3 info using node@v0.10.26
4 verbose install where, deps [ '/Users/justin/dev/bitballs',
4 verbose install   [ 'async',
4 verbose install     'body-parser',
4 verbose install     'bookshelf',
4 verbose install     'db-migrate',
4 verbose install     'ejs',
4 verbose install     'express',
4 verbose install     'knex',
4 verbose install     'pg' ] ]
5 verbose install where, peers [ '/Users/justin/dev/bitballs', [] ]
6 info preinstall node-js-getting-started@0.1.4
7 verbose already installed skipping ejs@^2.3.1 /Users/justin/dev/bitballs
8 verbose already installed skipping express@~4.9.x /Users/justin/dev/bitballs
9 verbose already installed skipping knex@^0.8.6 /Users/justin/dev/bitballs
10 verbose already installed skipping pg@4.x /Users/justin/dev/bitballs
11 verbose already installed skipping bookshelf@^0.8.1 /Users/justin/dev/bitballs
12 verbose already installed skipping async@^1.4.0 /Users/justin/dev/bitballs
13 verbose already installed skipping body-parser@^1.13.3 /Users/justin/dev/bitballs
14 verbose already installed skipping db-migrate@^0.9.18 /Users/justin/dev/bitballs
15 silly install resolved []
16 info build /Users/justin/dev/bitballs
17 verbose linkStuff [ false, false, false, '/Users/justin/dev' ]
18 info linkStuff node-js-getting-started@0.1.4
19 verbose linkBins node-js-getting-started@0.1.4
20 verbose linkMans node-js-getting-started@0.1.4
21 verbose rebuildBundles node-js-getting-started@0.1.4
22 verbose rebuildBundles [ '.bin',
22 verbose rebuildBundles   'async',
22 verbose rebuildBundles   'body-parser',
22 verbose rebuildBundles   'bookshelf',
22 verbose rebuildBundles   'db-migrate',
22 verbose rebuildBundles   'ejs',
22 verbose rebuildBundles   'express',
22 verbose rebuildBundles   'knex',
22 verbose rebuildBundles   'node-pg-migrate',
22 verbose rebuildBundles   'pg' ]
23 verbose rebuild bundle /Users/justin/dev/bitballs/node_modules/node-pg-migrate
24 info build /Users/justin/dev/bitballs/node_modules/node-pg-migrate
25 info preinstall node-pg-migrate@0.0.9
26 verbose linkStuff [ false, false, false, '/Users/justin/dev/bitballs/node_modules' ]
27 info linkStuff node-pg-migrate@0.0.9
28 verbose linkBins node-pg-migrate@0.0.9
29 verbose link bins [ { 'pg-migrate': 'bin/pg-migrate' },
29 verbose link bins   '/Users/justin/dev/bitballs/node_modules/.bin',
29 verbose link bins   false ]
30 verbose linkMans node-pg-migrate@0.0.9
31 verbose rebuildBundles node-pg-migrate@0.0.9
32 verbose rebuildBundles [ 'async',
32 verbose rebuildBundles   'dotenv',
32 verbose rebuildBundles   'lodash',
32 verbose rebuildBundles   'mkdirp',
32 verbose rebuildBundles   'optimist',
32 verbose rebuildBundles   'pg',
32 verbose rebuildBundles   'pkginfo',
32 verbose rebuildBundles   'step' ]
33 verbose gentlyRm vacuuming /Users/justin/dev/bitballs/node_modules/.bin/pg-migrate
34 silly gentlyRm purging /Users/justin/dev/bitballs/node_modules/.bin/pg-migrate
35 silly gentlyRm quitting because other entries in /Users/justin/dev/bitballs/node_modules/.bin
36 info install node-pg-migrate@0.0.9
37 info postinstall node-pg-migrate@0.0.9
38 info install node-js-getting-started@0.1.4
39 verbose unsafe-perm in lifecycle true
40 info node-js-getting-started@0.1.4 Failed to exec install script
41 verbose stack Error: node-js-getting-started@0.1.4 install: `db-migrate up -e prod && cd public/ && npm install`
41 verbose stack Exit status 1
41 verbose stack     at EventEmitter.<anonymous> (/usr/local/lib/node_modules/npm/lib/utils/lifecycle.js:212:16)
41 verbose stack     at EventEmitter.emit (events.js:98:17)
41 verbose stack     at ChildProcess.<anonymous> (/usr/local/lib/node_modules/npm/lib/utils/spawn.js:14:12)
41 verbose stack     at ChildProcess.EventEmitter.emit (events.js:98:17)
41 verbose stack     at maybeClose (child_process.js:743:16)
41 verbose stack     at Process.ChildProcess._handle.onexit (child_process.js:810:5)
42 verbose pkgid node-js-getting-started@0.1.4
43 verbose cwd /Users/justin/dev/bitballs
44 error Darwin 13.3.0
45 error argv "node" "/usr/local/bin/npm" "install"
46 error node v0.10.26
47 error npm  v2.1.12
48 error code ELIFECYCLE
49 error node-js-getting-started@0.1.4 install: `db-migrate up -e prod && cd public/ && npm install`
49 error Exit status 1
50 error Failed at the node-js-getting-started@0.1.4 install script 'db-migrate up -e prod && cd public/ && npm install'.
50 error This is most likely a problem with the node-js-getting-started package,
50 error not with npm itself.
50 error Tell the author that this fails on your system:
50 error     db-migrate up -e prod && cd public/ && npm install
50 error You can get their info via:
50 error     npm owner ls node-js-getting-started
50 error There is likely additional logging output above.
51 verbose exit [ 1, true ]
